2024-07-23 22:20:03,757 INFO C:\Users\User\Desktop\TestTask\1p
2024-07-23 22:20:03,757 INFO C:\Users\User\Desktop\TestTask\1p\1ch
2024-07-23 22:20:03,757 INFO C:\Users\User\Desktop\TestTask\1p\1ch\%
2024-07-23 22:20:03,757 INFO C:\Users\User\Desktop\TestTask\1p\1ch\%\--
2024-07-23 22:20:03,757 INFO C:\Users\User\Desktop\TestTask\1p\1ch\%\--\p. - Copy.png
2024-07-23 22:20:03,757 INFO C:\Users\User\Desktop\TestTask\1p\1ch\%\--\p..png
2024-07-23 22:20:03,757 INFO C:\Users\User\Desktop\TestTask\1p\1ch\%\Screenshot 2024-07-19.152529.png
2024-07-23 22:20:03,757 INFO C:\Users\User\Desktop\TestTask\1p\1ch\child.txt
2024-07-23 22:20:03,757 INFO C:\Users\User\Desktop\TestTask\1p\2ch
2024-07-23 22:20:03,757 INFO C:\Users\User\Desktop\TestTask\1p\2ch\123.pdf
2024-07-23 22:20:03,757 INFO C:\Users\User\Desktop\TestTask\1p\2ch\LICENSE.chromedriver
2024-07-23 22:20:03,757 INFO C:\Users\User\Desktop\TestTask\1p\2ch\пустой.PDF
2024-07-23 22:20:03,757 INFO C:\Users\User\Desktop\TestTask\1p\3ch
2024-07-23 22:20:03,757 INFO C:\Users\User\Desktop\TestTask\1p\3ch\_
2024-07-23 22:20:03,757 INFO C:\Users\User\Desktop\TestTask\1p\3ch\_\__
2024-07-23 22:20:03,757 INFO C:\Users\User\Desktop\TestTask\1p\3ch\_\__\New Microsoft Access Database.accdb
2024-07-23 22:20:03,757 INFO C:\Users\User\Desktop\TestTask\1p\3ch\_\__\New Microsoft Word Document.docx
2024-07-23 22:20:03,757 INFO C:\Users\User\Desktop\TestTask\2p
2024-07-23 22:20:03,757 INFO C:\Users\User\Desktop\TestTask\2p\2ch
2024-07-23 22:20:03,757 INFO C:\Users\User\Desktop\TestTask\2p\3chp
2024-07-23 22:20:03,757 INFO C:\Users\User\Desktop\TestTask\3p
2024-07-23 22:20:03,773 INFO C:\Users\User\Desktop\TestTask\3p\bmp
2024-07-23 22:20:03,773 INFO C:\Users\User\Desktop\TestTask\main.py
2024-07-23 22:20:03,773 INFO C:\Users\User\Desktop\TestTask\py_log.log
2024-07-23 22:20:03,773 INFO C:\Users\User\Desktop\TestTask\README.txt
